C:\PixInsightASCOMCameraDriver\windows\vc9\Win32\Debug\ascommasterinterfaces.tlh
C:\PixInsightASCOMCameraDriver\windows\vc9\Win32\Debug\ascommasterinterfaces.tli
C:\PixInsightASCOMCameraDriver\windows\vc9\Win32\Debug\cl.command.1.tlog
C:\PixInsightASCOMCameraDriver\windows\vc9\Win32\Debug\CL.read.1.tlog
C:\PixInsightASCOMCameraDriver\windows\vc9\Win32\Debug\CL.write.1.tlog
C:\PIXINSIGHTASCOMCAMERADRIVER\WINDOWS\VC9\WIN32\DEBUG\DLLMAIN.OBJ
C:\PixInsightASCOMCameraDriver\windows\vc9\Win32\Debug\Helper.tlh
C:\PixInsightASCOMCameraDriver\windows\vc9\Win32\Debug\Helper.tli
C:\PixInsightASCOMCameraDriver\windows\vc9\Win32\Debug\link.command.1.tlog
C:\PixInsightASCOMCameraDriver\windows\vc9\Win32\Debug\link.read.1.tlog
C:\PixInsightASCOMCameraDriver\windows\vc9\Win32\Debug\link.write.1.tlog
C:\PixInsightASCOMCameraDriver\windows\vc9\Win32\Debug\mt.command.1.tlog
C:\PixInsightASCOMCameraDriver\windows\vc9\Win32\Debug\mt.read.1.tlog
C:\PixInsightASCOMCameraDriver\windows\vc9\Win32\Debug\mt.write.1.tlog
C:\PIXINSIGHTASCOMCAMERADRIVER\WINDOWS\VC9\WIN32\DEBUG\PIXINSIGHTASCOMDRIVER.DLL.INTERMEDIATE.MANIFEST
C:\PixInsightASCOMCameraDriver\windows\vc9\Win32\Debug\PixInsightASCOMDriver.exp
C:\PixInsightASCOMCameraDriver\windows\vc9\Win32\Debug\PixInsightASCOMDriver.lib
C:\PIXINSIGHTASCOMCAMERADRIVER\WINDOWS\VC9\WIN32\DEBUG\PIXINSIGHTASCOMDRIVER.OBJ
C:\PIXINSIGHTASCOMCAMERADRIVER\WINDOWS\VC9\WIN32\DEBUG\PIXINSIGHTASCOMDRIVER.PDB
C:\PixInsightASCOMCameraDriver\windows\vc9\Win32\Debug\PixInsightASCOMDriver.write.1.tlog
C:\PixInsightASCOMCameraDriver\windows\vc9\Win32\Debug\scrrun.tlh
C:\PixInsightASCOMCameraDriver\windows\vc9\Win32\Debug\scrrun.tli
C:\PixInsightASCOMCameraDriver\windows\vc9\Win32\Debug\vc100.idb
C:\PIXINSIGHTASCOMCAMERADRIVER\WINDOWS\VC9\WIN32\DEBUG\VC100.PDB
G:\PIXINSIGHT32\BIN\PIXINSIGHTASCOMCAMERADRIVER-PXI.DLL
G:\PIXINSIGHT32\BIN\PIXINSIGHTASCOMCAMERADRIVER-PXI.ILK
