Build started 7/25/2011 10:41:55 PM.
     1>Project "C:\PixInsightASCOMCameraDriver\PixInsightASCOMCameraDriver\PixInsightASCOMCameraDriver.vcxproj" on node 2 (build target(s)).
     1>InitializeBuildStatus:
         Creating "Debug\PixInsightASCOMCameraDriver.unsuccessfulbuild" because "AlwaysCreate" was specified.
       ClCompile:
         c:\Program Files (x86)\Microsoft Visual Studio 10.0\VC\bin\CL.exe /c /I"G:\PCL-SDK/include" /I..\.. /IC:\ImageAcquisition /ZI /nologo /W3 /WX- /Od /Oy- /D WIN32 /D _WINDOWS /D __PCL_WINDOWS /D _DEBUG /D _DEBUG /D _ITERATOR_DEBUG_LEVEL=0 /D _WINDLL /D _MBCS /Gm /EHsc /RTC1 /MDd /GS /fp:precise /Zc:wchar_t /Zc:forScope /Fo"Debug\\" /Fd"Debug\vc100.pdb" /Gd /TP /analyze- /errorReport:prompt PixInsightASCOMCameraDriver.cpp
         PixInsightASCOMCameraDriver.cpp
     1>c:\pixinsightascomcameradriver\pixinsightascomcameradriver\pixinsightascomcameradriver.cpp(437): warning C4700: uninitialized local variable 'dispparams' used
     1>C:\Program Files (x86)\MSBuild\Microsoft.Cpp\v4.0\Microsoft.CppBuild.targets(990,5): warning MSB8012: TargetPath(C:\PixInsightASCOMCameraDriver\windows\vc9\Debug\PixInsightASCOMCameraDriver.dll) does not match the Linker's OutputFile property value (G:\PixInsight32\bin\PixInsightASCOMCameraDriver2-pxi.dll). This may cause your project to build incorrectly. To correct this, please make sure that $(OutDir), $(TargetName) and $(TargetExt) property values match the value specified in %(Link.OutputFile).
     1>C:\Program Files (x86)\MSBuild\Microsoft.Cpp\v4.0\Microsoft.CppBuild.targets(992,5): warning MSB8012: TargetName(PixInsightASCOMCameraDriver) does not match the Linker's OutputFile property value (PixInsightASCOMCameraDriver2-pxi). This may cause your project to build incorrectly. To correct this, please make sure that $(OutDir), $(TargetName) and $(TargetExt) property values match the value specified in %(Link.OutputFile).
       Link:
         c:\Program Files (x86)\Microsoft Visual Studio 10.0\VC\bin\link.exe /ERRORREPORT:PROMPT /OUT:"G:\PixInsight32\bin\PixInsightASCOMCameraDriver2-pxi.dll" /NOLOGO /LIBPATH:"G:\PCL-SDK\lib\windows\x86/vc10" "PCL-pxi.lib" kernel32.lib user32.lib gdi32.lib winspool.lib comdlg32.lib advapi32.lib shell32.lib ole32.lib oleaut32.lib uuid.lib odbc32.lib odbccp32.lib /MANIFEST /ManifestFile:"Debug\PixInsightASCOMCameraDriver.dll.intermediate.manifest" /MANIFESTUAC:"level='asInvoker' uiAccess='false'" /DEBUG /PDB:"C:\PixInsightASCOMCameraDriver\windows\vc9\Debug\PixInsightASCOMCameraDriver.pdb" /TLBID:1 /DYNAMICBASE /NXCOMPAT /IMPLIB:"C:\PixInsightASCOMCameraDriver\windows\vc9\Debug\PixInsightASCOMCameraDriver.lib" /MACHINE:X86 /DLL Debug\DllMain.obj
         Debug\PixInsightASCOMCameraDriver.obj
         LINK : G:\PixInsight32\bin\PixInsightASCOMCameraDriver2-pxi.dll not found or not built by the last incremental link; performing full link
            Creating library C:\PixInsightASCOMCameraDriver\windows\vc9\Debug\PixInsightASCOMCameraDriver.lib and object C:\PixInsightASCOMCameraDriver\windows\vc9\Debug\PixInsightASCOMCameraDriver.exp
     1>LINK : warning LNK4098: defaultlib 'MSVCRT' conflicts with use of other libs; use /NODEFAULTLIB:library
         PixInsightASCOMCameraDriver.vcxproj -> C:\PixInsightASCOMCameraDriver\windows\vc9\Debug\PixInsightASCOMCameraDriver.dll
       Manifest:
         C:\Program Files (x86)\Microsoft SDKs\Windows\v7.0A\bin\mt.exe /nologo /verbose /outputresource:"G:\PixInsight32\bin\PixInsightASCOMCameraDriver2-pxi.dll;#2" /manifest Debug\PixInsightASCOMCameraDriver.dll.intermediate.manifest
       FinalizeBuildStatus:
         Deleting file "Debug\PixInsightASCOMCameraDriver.unsuccessfulbuild".
         Touching "Debug\PixInsightASCOMCameraDriver.lastbuildstate".
     1>Done Building Project "C:\PixInsightASCOMCameraDriver\PixInsightASCOMCameraDriver\PixInsightASCOMCameraDriver.vcxproj" (build target(s)).

Build succeeded.

Time Elapsed 00:00:01.93
