C:\PCL64\BIN\PIXINSIGHTASCOMCAMERADRIVER2-PXI.DLL
C:\PIXINSIGHT32\BIN\PIXINSIGHTASCOMCAMERADRIVER2-PXI.DLL
C:\PIXINSIGHT32\BIN\PIXINSIGHTASCOMCAMERADRIVER2-PXI.ILK
C:\PIXINSIGHTASCOMCAMERADRIVER\PIXINSIGHTASCOMCAMERADRIVER\DEBUG\DLLMAIN.OBJ
C:\PIXINSIGHTASCOMCAMERADRIVER\PIXINSIGHTASCOMCAMERADRIVER\DEBUG\PIXINSIGHTASCOMCAMERADRIVER.DLL.INTERMEDIATE.MANIFEST
C:\PIXINSIGHTASCOMCAMERADRIVER\PIXINSIGHTASCOMCAMERADRIVER\DEBUG\PIXINSIGHTASCOMCAMERADRIVER.OBJ
C:\PIXINSIGHTASCOMCAMERADRIVER\PIXINSIGHTASCOMCAMERADRIVER\DEBUG\VC100.PDB
C:\PixInsightASCOMCameraDriver\windows\vc9\Debug\PixInsightASCOMCameraDriver.exp
C:\PixInsightASCOMCameraDriver\windows\vc9\Debug\PixInsightASCOMCameraDriver.lib
C:\PIXINSIGHTASCOMCAMERADRIVER\WINDOWS\VC9\DEBUG\PIXINSIGHTASCOMCAMERADRIVER.PDB
C:\PixInsightASCOMDrivers\PixInsightASCOMCameraDriver\Debug\ascommasterinterfaces.tlh
C:\PixInsightASCOMDrivers\PixInsightASCOMCameraDriver\Debug\ascommasterinterfaces.tli
C:\PixInsightASCOMDrivers\PixInsightASCOMCameraDriver\Debug\cl.command.1.tlog
C:\PixInsightASCOMDrivers\PixInsightASCOMCameraDriver\Debug\CL.read.1.tlog
C:\PixInsightASCOMDrivers\PixInsightASCOMCameraDriver\Debug\CL.write.1.tlog
C:\PIXINSIGHTASCOMDRIVERS\PIXINSIGHTASCOMCAMERADRIVER\DEBUG\DLLMAIN.OBJ
C:\PixInsightASCOMDrivers\PixInsightASCOMCameraDriver\Debug\Helper.tlh
C:\PixInsightASCOMDrivers\PixInsightASCOMCameraDriver\Debug\Helper.tli
C:\PixInsightASCOMDrivers\PixInsightASCOMCameraDriver\Debug\link.command.1.tlog
C:\PixInsightASCOMDrivers\PixInsightASCOMCameraDriver\Debug\link.read.1.tlog
C:\PixInsightASCOMDrivers\PixInsightASCOMCameraDriver\Debug\link.write.1.tlog
C:\PixInsightASCOMDrivers\PixInsightASCOMCameraDriver\Debug\mt.command.1.tlog
C:\PixInsightASCOMDrivers\PixInsightASCOMCameraDriver\Debug\mt.read.1.tlog
C:\PixInsightASCOMDrivers\PixInsightASCOMCameraDriver\Debug\mt.write.1.tlog
C:\PIXINSIGHTASCOMDRIVERS\PIXINSIGHTASCOMCAMERADRIVER\DEBUG\PIXINSIGHTASCOMCAMERADRIVER.DLL.INTERMEDIATE.MANIFEST
C:\PixInsightASCOMDrivers\PixInsightASCOMCameraDriver\Debug\PixInsightASCOMCameraDriver.write.1.tlog
C:\PixInsightASCOMDrivers\PixInsightASCOMCameraDriver\Debug\scrrun.tlh
C:\PixInsightASCOMDrivers\PixInsightASCOMCameraDriver\Debug\scrrun.tli
C:\PixInsightASCOMDrivers\PixInsightASCOMCameraDriver\Debug\vc100.idb
C:\PIXINSIGHTASCOMDRIVERS\PIXINSIGHTASCOMCAMERADRIVER\DEBUG\VC100.PDB
C:\PixInsightASCOMDrivers\windows\vc9\Debug\PixInsightASCOMCameraDriver.exp
C:\PixInsightASCOMDrivers\windows\vc9\Debug\PixInsightASCOMCameraDriver.lib
C:\PIXINSIGHTASCOMDRIVERS\WINDOWS\VC9\DEBUG\PIXINSIGHTASCOMCAMERADRIVER.PDB
G:\PIXINSIGHT32\BIN\PIXINSIGHTASCOMCAMERADRIVER2-PXI.DLL
G:\PIXINSIGHT32\BIN\PIXINSIGHTASCOMCAMERADRIVER2-PXI.ILK
